<?xml version="1.0" encoding="UTF-8"?>
<!-- Generated by org.testng.reporters.JUnitReportReporter -->
<testsuite hostname="pruthviraj" failures="0" tests="8" name="test_suite.Org_Details_Test" time="4.041" errors="0" timestamp="2022-04-20T11:32:01 IST" skipped="0">
  <testcase classname="test_suite.Org_Details_Test" name="title_validation" time="0.014"/>
  <system-out/>
  <testcase classname="test_suite.Org_Details_Test" name="logo_validation" time="0.037"/>
  <system-out/>
  <testcase classname="test_suite.Org_Details_Test" name="t_c_validation" time="0.083"/>
  <system-out/>
  <testcase classname="test_suite.Org_Details_Test" name="term_checkbox" time="0.085"/>
  <system-out/>
  <testcase classname="test_suite.Org_Details_Test" name="review_confirm" time="0.083"/>
  <system-out/>
  <testcase classname="test_suite.Org_Details_Test" name="invitation_code" time="0.304"/>
  <system-out/>
  <testcase classname="test_suite.Org_Details_Test" name="subit_in_code" time="0.130"/>
  <system-out/>
  <testcase classname="test_suite.Org_Details_Test" name="org_details" time="3.305"/>
  <system-out/>
</testsuite> <!-- test_suite.Org_Details_Test -->
