<?xml version="1.0" encoding="UTF-8"?>
<!-- Generated by org.testng.reporters.JUnitReportReporter -->
<testsuite hostname="pruthviraj" failures="0" tests="2" name="test_suite.Bill_Plan_Test" time="13.950" errors="0" timestamp="2022-04-04T11:43:12 IST" skipped="0">
  <testcase classname="test_suite.Bill_Plan_Test" name="log_in_seller" time="2.934"/>
  <system-out/>
  <testcase classname="test_suite.Bill_Plan_Test" name="bill_plan_validation" time="11.016"/>
  <system-out/>
</testsuite> <!-- test_suite.Bill_Plan_Test -->
