<?xml version="1.0" encoding="UTF-8"?>
<!-- Generated by org.testng.reporters.JUnitReportReporter -->
<testsuite hostname="pruthviraj" failures="0" tests="9" name="test_suite.Personal_Pan_Test" time="4.568" errors="0" timestamp="2022-04-20T11:32:01 IST" skipped="0">
  <testcase classname="test_suite.Personal_Pan_Test" name="title_validation" time="0.012"/>
  <system-out/>
  <testcase classname="test_suite.Personal_Pan_Test" name="logo_validation" time="0.097"/>
  <system-out/>
  <testcase classname="test_suite.Personal_Pan_Test" name="t_c_validation" time="0.111"/>
  <system-out/>
  <testcase classname="test_suite.Personal_Pan_Test" name="term_checkbox" time="0.083"/>
  <system-out/>
  <testcase classname="test_suite.Personal_Pan_Test" name="review_confirm" time="0.094"/>
  <system-out/>
  <testcase classname="test_suite.Personal_Pan_Test" name="invitation_code" time="0.329"/>
  <system-out/>
  <testcase classname="test_suite.Personal_Pan_Test" name="subit_in_code" time="0.137"/>
  <system-out/>
  <testcase classname="test_suite.Personal_Pan_Test" name="org_details" time="1.112"/>
  <system-out/>
  <testcase classname="test_suite.Personal_Pan_Test" name="per_pan_validation" time="2.593"/>
  <system-out/>
</testsuite> <!-- test_suite.Personal_Pan_Test -->
