<?xml version="1.0" encoding="UTF-8"?>
<!-- Generated by org.testng.reporters.JUnitReportReporter -->
<testsuite hostname="pruthviraj" failures="0" tests="2" name="test_suite.Company_Details_Test" time="7.741" errors="0" timestamp="2022-04-20T11:32:01 IST" skipped="0">
  <testcase classname="test_suite.Company_Details_Test" name="log_in_seller" time="3.112"/>
  <system-out/>
  <testcase classname="test_suite.Company_Details_Test" name="company_details_validation" time="4.629"/>
  <system-out/>
</testsuite> <!-- test_suite.Company_Details_Test -->
