<?xml version="1.0" encoding="UTF-8"?>
<!-- Generated by org.testng.reporters.JUnitReportReporter -->
<testsuite hostname="pruthviraj" failures="0" tests="1" name="test_suite.Admin_Login_Test" time="4.051" errors="0" timestamp="2022-04-04T11:43:12 IST" skipped="0">
  <testcase classname="test_suite.Admin_Login_Test" name="log_in_admin" time="4.051"/>
  <system-out/>
</testsuite> <!-- test_suite.Admin_Login_Test -->
