<?xml version="1.0" encoding="UTF-8"?>
<!-- Generated by org.testng.reporters.JUnitReportReporter -->
<testsuite hostname="pruthviraj" failures="0" tests="10" name="test_suite.Mobile_Num_Test" time="7.884" errors="0" timestamp="2022-04-04T11:43:12 IST" skipped="0">
  <testcase classname="test_suite.Mobile_Num_Test" name="title_validation" time="0.016"/>
  <system-out/>
  <testcase classname="test_suite.Mobile_Num_Test" name="logo_validation" time="0.059"/>
  <system-out/>
  <testcase classname="test_suite.Mobile_Num_Test" name="t_c_validation" time="0.106"/>
  <system-out/>
  <testcase classname="test_suite.Mobile_Num_Test" name="term_checkbox" time="0.090"/>
  <system-out/>
  <testcase classname="test_suite.Mobile_Num_Test" name="review_confirm" time="0.110"/>
  <system-out/>
  <testcase classname="test_suite.Mobile_Num_Test" name="invitation_code" time="0.255"/>
  <system-out/>
  <testcase classname="test_suite.Mobile_Num_Test" name="subit_in_code" time="0.126"/>
  <system-out/>
  <testcase classname="test_suite.Mobile_Num_Test" name="org_details" time="0.938"/>
  <system-out/>
  <testcase classname="test_suite.Mobile_Num_Test" name="per_pan_validation" time="2.371"/>
  <system-out/>
  <testcase classname="test_suite.Mobile_Num_Test" name="mobile_verfy" time="3.813"/>
  <system-out/>
</testsuite> <!-- test_suite.Mobile_Num_Test -->
