<?xml version="1.0" encoding="UTF-8"?>
<!-- Generated by org.testng.reporters.JUnitReportReporter -->
<testsuite hostname="pruthviraj" failures="0" tests="11" name="test_suite.Email_Id_Test" time="14.442" errors="0" timestamp="2022-04-20T11:32:01 IST" skipped="0">
  <testcase classname="test_suite.Email_Id_Test" name="title_validation" time="0.019"/>
  <system-out/>
  <testcase classname="test_suite.Email_Id_Test" name="logo_validation" time="0.046"/>
  <system-out/>
  <testcase classname="test_suite.Email_Id_Test" name="t_c_validation" time="0.113"/>
  <system-out/>
  <testcase classname="test_suite.Email_Id_Test" name="term_checkbox" time="0.060"/>
  <system-out/>
  <testcase classname="test_suite.Email_Id_Test" name="review_confirm" time="0.102"/>
  <system-out/>
  <testcase classname="test_suite.Email_Id_Test" name="invitation_code" time="0.292"/>
  <system-out/>
  <testcase classname="test_suite.Email_Id_Test" name="subit_in_code" time="0.126"/>
  <system-out/>
  <testcase classname="test_suite.Email_Id_Test" name="org_details" time="0.981"/>
  <system-out/>
  <testcase classname="test_suite.Email_Id_Test" name="per_pan_validation" time="2.518"/>
  <system-out/>
  <testcase classname="test_suite.Email_Id_Test" name="mobile_verfy" time="3.792"/>
  <system-out/>
  <testcase classname="test_suite.Email_Id_Test" name="email_vrf" time="6.393"/>
  <system-out/>
</testsuite> <!-- test_suite.Email_Id_Test -->
