<?xml version="1.0" encoding="UTF-8"?>
<!-- Generated by org.testng.reporters.JUnitReportReporter -->
<testsuite hostname="pruthviraj" failures="0" tests="2" name="test_suite.Business_Pan_Test" time="8.064" errors="0" timestamp="2022-04-20T11:32:01 IST" skipped="0">
  <testcase classname="test_suite.Business_Pan_Test" name="log_in_seller" time="3.219"/>
  <system-out/>
  <testcase classname="test_suite.Business_Pan_Test" name="bus_pan_validation" time="4.845"/>
  <system-out/>
</testsuite> <!-- test_suite.Business_Pan_Test -->
