<?xml version="1.0" encoding="UTF-8"?>
<!-- Generated by org.testng.reporters.JUnitReportReporter -->
<testsuite hostname="pruthviraj" failures="0" tests="2" name="test_suite.My_Catagories_Test" time="9.325" errors="0" timestamp="2022-04-20T11:32:01 IST" skipped="0">
  <testcase classname="test_suite.My_Catagories_Test" name="log_in_seller" time="3.170"/>
  <system-out/>
  <testcase classname="test_suite.My_Catagories_Test" name="my_catagory_validation" time="6.155"/>
  <system-out/>
</testsuite> <!-- test_suite.My_Catagories_Test -->
