<?xml version="1.0" encoding="UTF-8"?>
<!-- Generated by org.testng.reporters.JUnitReportReporter -->
<testsuite hostname="pruthviraj" failures="0" tests="2" name="test_suite.Cin_Validate_Test" time="10.248" errors="0" timestamp="2022-04-04T11:43:12 IST" skipped="0">
  <testcase classname="test_suite.Cin_Validate_Test" name="log_in_seller" time="3.747"/>
  <system-out/>
  <testcase classname="test_suite.Cin_Validate_Test" name="Cin_no_valid" time="6.501"/>
  <system-out/>
</testsuite> <!-- test_suite.Cin_Validate_Test -->
