<?xml version="1.0" encoding="UTF-8"?>
<!-- Generated by org.testng.reporters.JUnitReportReporter -->
<testsuite hostname="pruthviraj" failures="0" tests="9" name="test_suite.Personal_Pan_Test" time="4.143" errors="0" timestamp="2022-04-04T11:43:12 IST" skipped="0">
  <testcase classname="test_suite.Personal_Pan_Test" name="title_validation" time="0.016"/>
  <system-out/>
  <testcase classname="test_suite.Personal_Pan_Test" name="logo_validation" time="0.060"/>
  <system-out/>
  <testcase classname="test_suite.Personal_Pan_Test" name="t_c_validation" time="0.099"/>
  <system-out/>
  <testcase classname="test_suite.Personal_Pan_Test" name="term_checkbox" time="0.114"/>
  <system-out/>
  <testcase classname="test_suite.Personal_Pan_Test" name="review_confirm" time="0.079"/>
  <system-out/>
  <testcase classname="test_suite.Personal_Pan_Test" name="invitation_code" time="0.295"/>
  <system-out/>
  <testcase classname="test_suite.Personal_Pan_Test" name="subit_in_code" time="0.116"/>
  <system-out/>
  <testcase classname="test_suite.Personal_Pan_Test" name="org_details" time="0.911"/>
  <system-out/>
  <testcase classname="test_suite.Personal_Pan_Test" name="per_pan_validation" time="2.453"/>
  <system-out/>
</testsuite> <!-- test_suite.Personal_Pan_Test -->
