<?xml version="1.0" encoding="UTF-8"?>
<!-- Generated by org.testng.reporters.JUnitReportReporter -->
<testsuite hostname="pruthviraj" failures="0" tests="2" name="test_suite.Landing_Page_Test" time="2.310" errors="0" timestamp="2022-04-04T11:43:12 IST" skipped="0">
  <testcase classname="test_suite.Landing_Page_Test" name="title_validation" time="0.026"/>
  <system-out/>
  <testcase classname="test_suite.Landing_Page_Test" name="logo_validation" time="2.284"/>
  <system-out/>
</testsuite> <!-- test_suite.Landing_Page_Test -->
