<?xml version="1.0" encoding="UTF-8"?>
<!-- Generated by org.testng.reporters.JUnitReportReporter -->
<testsuite hostname="pruthviraj" failures="0" tests="7" name="test_suite.Invitation_Code_Test" time="2.867" errors="0" timestamp="2022-04-04T11:43:12 IST" skipped="0">
  <testcase classname="test_suite.Invitation_Code_Test" name="title_validation" time="0.011"/>
  <system-out/>
  <testcase classname="test_suite.Invitation_Code_Test" name="logo_validation" time="0.035"/>
  <system-out/>
  <testcase classname="test_suite.Invitation_Code_Test" name="t_c_validation" time="0.102"/>
  <system-out/>
  <testcase classname="test_suite.Invitation_Code_Test" name="term_checkbox" time="0.056"/>
  <system-out/>
  <testcase classname="test_suite.Invitation_Code_Test" name="review_confirm" time="0.107"/>
  <system-out/>
  <testcase classname="test_suite.Invitation_Code_Test" name="invitation_code" time="2.482"/>
  <system-out/>
  <testcase classname="test_suite.Invitation_Code_Test" name="subit_in_code" time="0.074"/>
  <system-out/>
</testsuite> <!-- test_suite.Invitation_Code_Test -->
