<?xml version="1.0" encoding="UTF-8"?>
<!-- Generated by org.testng.reporters.JUnitReportReporter -->
<testsuite hostname="pruthviraj" failures="0" tests="4" name="test_suite.Data_driven_login_Test" time="13.765" errors="0" timestamp="2022-04-20T11:32:01 IST" skipped="0">
  <testcase classname="test_suite.Data_driven_login_Test" name="login_screen" time="3.264"/>
  <system-out/>
  <testcase classname="test_suite.Data_driven_login_Test" name="login_screen" time="3.426"/>
  <system-out/>
  <testcase classname="test_suite.Data_driven_login_Test" name="login_screen" time="3.601"/>
  <system-out/>
  <testcase classname="test_suite.Data_driven_login_Test" name="login_screen" time="3.474"/>
  <system-out/>
</testsuite> <!-- test_suite.Data_driven_login_Test -->
