<?xml version="1.0" encoding="UTF-8"?>
<!-- Generated by org.testng.reporters.JUnitReportReporter -->
<testsuite hostname="pruthviraj" failures="0" tests="10" name="test_suite.Mobile_Num_Test" time="8.024" errors="0" timestamp="2022-04-20T11:32:01 IST" skipped="0">
  <testcase classname="test_suite.Mobile_Num_Test" name="title_validation" time="0.026"/>
  <system-out/>
  <testcase classname="test_suite.Mobile_Num_Test" name="logo_validation" time="0.030"/>
  <system-out/>
  <testcase classname="test_suite.Mobile_Num_Test" name="t_c_validation" time="0.093"/>
  <system-out/>
  <testcase classname="test_suite.Mobile_Num_Test" name="term_checkbox" time="0.057"/>
  <system-out/>
  <testcase classname="test_suite.Mobile_Num_Test" name="review_confirm" time="0.091"/>
  <system-out/>
  <testcase classname="test_suite.Mobile_Num_Test" name="invitation_code" time="0.263"/>
  <system-out/>
  <testcase classname="test_suite.Mobile_Num_Test" name="subit_in_code" time="0.124"/>
  <system-out/>
  <testcase classname="test_suite.Mobile_Num_Test" name="org_details" time="1.005"/>
  <system-out/>
  <testcase classname="test_suite.Mobile_Num_Test" name="per_pan_validation" time="2.475"/>
  <system-out/>
  <testcase classname="test_suite.Mobile_Num_Test" name="mobile_verfy" time="3.860"/>
  <system-out/>
</testsuite> <!-- test_suite.Mobile_Num_Test -->
