<?xml version="1.0" encoding="UTF-8"?>
<!-- Generated by org.testng.reporters.JUnitReportReporter -->
<testsuite hostname="pruthviraj" failures="0" tests="11" name="test_suite.Email_Id_Test" time="14.630" errors="0" timestamp="2022-04-04T11:43:12 IST" skipped="0">
  <testcase classname="test_suite.Email_Id_Test" name="title_validation" time="0.006"/>
  <system-out/>
  <testcase classname="test_suite.Email_Id_Test" name="logo_validation" time="0.102"/>
  <system-out/>
  <testcase classname="test_suite.Email_Id_Test" name="t_c_validation" time="0.128"/>
  <system-out/>
  <testcase classname="test_suite.Email_Id_Test" name="term_checkbox" time="0.059"/>
  <system-out/>
  <testcase classname="test_suite.Email_Id_Test" name="review_confirm" time="0.079"/>
  <system-out/>
  <testcase classname="test_suite.Email_Id_Test" name="invitation_code" time="0.311"/>
  <system-out/>
  <testcase classname="test_suite.Email_Id_Test" name="subit_in_code" time="0.115"/>
  <system-out/>
  <testcase classname="test_suite.Email_Id_Test" name="org_details" time="1.042"/>
  <system-out/>
  <testcase classname="test_suite.Email_Id_Test" name="per_pan_validation" time="2.580"/>
  <system-out/>
  <testcase classname="test_suite.Email_Id_Test" name="mobile_verfy" time="3.823"/>
  <system-out/>
  <testcase classname="test_suite.Email_Id_Test" name="email_vrf" time="6.385"/>
  <system-out/>
</testsuite> <!-- test_suite.Email_Id_Test -->
