<?xml version="1.0" encoding="UTF-8"?>
<!-- Generated by org.testng.reporters.JUnitReportReporter -->
<testsuite hostname="pruthviraj" failures="0" tests="2" name="test_suite.Office_Location_Test" time="18.741" errors="0" timestamp="2022-04-20T11:32:01 IST" skipped="0">
  <testcase classname="test_suite.Office_Location_Test" name="log_in_seller" time="3.159"/>
  <system-out/>
  <testcase classname="test_suite.Office_Location_Test" name="Office_location_validation" time="15.582"/>
  <system-out/>
</testsuite> <!-- test_suite.Office_Location_Test -->
