<?xml version="1.0" encoding="UTF-8"?>
<!-- Generated by org.testng.reporters.JUnitReportReporter -->
<testsuite hostname="pruthviraj" failures="0" tests="2" name="test_suite.Cin_Validate_Test" time="9.851" errors="0" timestamp="2022-04-20T11:32:01 IST" skipped="0">
  <testcase classname="test_suite.Cin_Validate_Test" name="log_in_seller" time="3.437"/>
  <system-out/>
  <testcase classname="test_suite.Cin_Validate_Test" name="Cin_no_valid" time="6.414"/>
  <system-out/>
</testsuite> <!-- test_suite.Cin_Validate_Test -->
