<?xml version="1.0" encoding="UTF-8"?>
<!-- Generated by org.testng.reporters.JUnitReportReporter -->
<testsuite hostname="pruthviraj" failures="0" tests="12" name="test_suite.User_Credentials_Test" time="21.246" errors="0" timestamp="2022-04-20T11:32:01 IST" skipped="0">
  <testcase classname="test_suite.User_Credentials_Test" name="title_validation" time="0.014"/>
  <system-out/>
  <testcase classname="test_suite.User_Credentials_Test" name="logo_validation" time="0.102"/>
  <system-out/>
  <testcase classname="test_suite.User_Credentials_Test" name="t_c_validation" time="0.139"/>
  <system-out/>
  <testcase classname="test_suite.User_Credentials_Test" name="term_checkbox" time="0.074"/>
  <system-out/>
  <testcase classname="test_suite.User_Credentials_Test" name="review_confirm" time="0.100"/>
  <system-out/>
  <testcase classname="test_suite.User_Credentials_Test" name="invitation_code" time="0.284"/>
  <system-out/>
  <testcase classname="test_suite.User_Credentials_Test" name="subit_in_code" time="0.141"/>
  <system-out/>
  <testcase classname="test_suite.User_Credentials_Test" name="org_details" time="1.049"/>
  <system-out/>
  <testcase classname="test_suite.User_Credentials_Test" name="per_pan_validation" time="2.586"/>
  <system-out/>
  <testcase classname="test_suite.User_Credentials_Test" name="mobile_verfy" time="3.871"/>
  <system-out/>
  <testcase classname="test_suite.User_Credentials_Test" name="email_vrf" time="6.431"/>
  <system-out/>
  <testcase classname="test_suite.User_Credentials_Test" name="seller_cred" time="6.455"/>
  <system-out/>
</testsuite> <!-- test_suite.User_Credentials_Test -->
