<?xml version="1.0" encoding="UTF-8"?>
<!-- Generated by org.testng.reporters.JUnitReportReporter -->
<testsuite hostname="pruthviraj" failures="0" tests="4" name="test_suite.Data_driven_login_Test" time="14.649" errors="0" timestamp="2022-04-04T11:43:12 IST" skipped="0">
  <testcase classname="test_suite.Data_driven_login_Test" name="login_screen" time="4.133"/>
  <system-out/>
  <testcase classname="test_suite.Data_driven_login_Test" name="login_screen" time="3.367"/>
  <system-out/>
  <testcase classname="test_suite.Data_driven_login_Test" name="login_screen" time="3.276"/>
  <system-out/>
  <testcase classname="test_suite.Data_driven_login_Test" name="login_screen" time="3.873"/>
  <system-out/>
</testsuite> <!-- test_suite.Data_driven_login_Test -->
