<?xml version="1.0" encoding="UTF-8"?>
<!-- Generated by org.testng.reporters.JUnitReportReporter -->
<testsuite hostname="pruthviraj" failures="0" tests="2" name="test_suite.Close_Account_Test" time="9.733" errors="0" timestamp="2022-03-23T11:27:55 IST" skipped="0">
  <testcase classname="test_suite.Close_Account_Test" name="log_in_seller" time="3.215"/>
  <system-out/>
  <testcase classname="test_suite.Close_Account_Test" name="close_account_seller" time="6.518"/>
  <system-out/>
</testsuite> <!-- test_suite.Close_Account_Test -->
