<?xml version="1.0" encoding="UTF-8"?>
<!-- Generated by org.testng.reporters.JUnitReportReporter -->
<testsuite hostname="pruthviraj" failures="0" tests="4" name="test_suite.Terms_Condition_Test" time="2.442" errors="0" timestamp="2022-04-04T11:43:12 IST" skipped="0">
  <testcase classname="test_suite.Terms_Condition_Test" name="title_validation" time="0.011"/>
  <system-out/>
  <testcase classname="test_suite.Terms_Condition_Test" name="logo_validation" time="0.045"/>
  <system-out/>
  <testcase classname="test_suite.Terms_Condition_Test" name="t_c_validation" time="2.359"/>
  <system-out/>
  <testcase classname="test_suite.Terms_Condition_Test" name="term_checkbox" time="0.027"/>
  <system-out/>
</testsuite> <!-- test_suite.Terms_Condition_Test -->
