<?xml version="1.0" encoding="UTF-8"?>
<!-- Generated by org.testng.reporters.JUnitReportReporter -->
<testsuite hostname="pruthviraj" failures="0" tests="2" name="test_suite.Seller_Approval_Test" time="30.802" errors="0" timestamp="2022-03-24T12:26:29 IST" skipped="0">
  <testcase classname="test_suite.Seller_Approval_Test" name="log_in_admin" time="5.641"/>
  <system-out/>
  <testcase classname="test_suite.Seller_Approval_Test" name="seller_approval" time="25.161"/>
  <system-out/>
</testsuite> <!-- test_suite.Seller_Approval_Test -->
