<?xml version="1.0" encoding="UTF-8"?>
<!-- Generated by org.testng.reporters.JUnitReportReporter -->
<testsuite hostname="pruthviraj" failures="0" tests="1" name="test_suite.Final_Seller_login_Test" time="7.931" errors="0" timestamp="2022-03-22T14:48:39 IST" skipped="0">
  <testcase classname="test_suite.Final_Seller_login_Test" name="final_show" time="7.931"/>
  <system-out/>
</testsuite> <!-- test_suite.Final_Seller_login_Test -->
