<?xml version="1.0" encoding="UTF-8"?>
<!-- Generated by org.testng.reporters.JUnitReportReporter -->
<testsuite hostname="pruthviraj" failures="0" tests="12" name="test_suite.User_Credentials_Test" time="21.050" errors="0" timestamp="2022-04-04T11:43:12 IST" skipped="0">
  <testcase classname="test_suite.User_Credentials_Test" name="title_validation" time="0.016"/>
  <system-out/>
  <testcase classname="test_suite.User_Credentials_Test" name="logo_validation" time="0.100"/>
  <system-out/>
  <testcase classname="test_suite.User_Credentials_Test" name="t_c_validation" time="0.113"/>
  <system-out/>
  <testcase classname="test_suite.User_Credentials_Test" name="term_checkbox" time="0.081"/>
  <system-out/>
  <testcase classname="test_suite.User_Credentials_Test" name="review_confirm" time="0.095"/>
  <system-out/>
  <testcase classname="test_suite.User_Credentials_Test" name="invitation_code" time="0.262"/>
  <system-out/>
  <testcase classname="test_suite.User_Credentials_Test" name="subit_in_code" time="0.121"/>
  <system-out/>
  <testcase classname="test_suite.User_Credentials_Test" name="org_details" time="0.995"/>
  <system-out/>
  <testcase classname="test_suite.User_Credentials_Test" name="per_pan_validation" time="2.485"/>
  <system-out/>
  <testcase classname="test_suite.User_Credentials_Test" name="mobile_verfy" time="3.836"/>
  <system-out/>
  <testcase classname="test_suite.User_Credentials_Test" name="email_vrf" time="6.394"/>
  <system-out/>
  <testcase classname="test_suite.User_Credentials_Test" name="seller_cred" time="6.552"/>
  <system-out/>
</testsuite> <!-- test_suite.User_Credentials_Test -->
