<?xml version="1.0" encoding="UTF-8"?>
<!-- Generated by org.testng.reporters.JUnitReportReporter -->
<testsuite hostname="pruthviraj" failures="0" tests="8" name="test_suite.Org_Details_Test" time="3.996" errors="0" timestamp="2022-04-04T11:43:12 IST" skipped="0">
  <testcase classname="test_suite.Org_Details_Test" name="title_validation" time="0.023"/>
  <system-out/>
  <testcase classname="test_suite.Org_Details_Test" name="logo_validation" time="0.059"/>
  <system-out/>
  <testcase classname="test_suite.Org_Details_Test" name="t_c_validation" time="0.124"/>
  <system-out/>
  <testcase classname="test_suite.Org_Details_Test" name="term_checkbox" time="0.056"/>
  <system-out/>
  <testcase classname="test_suite.Org_Details_Test" name="review_confirm" time="0.068"/>
  <system-out/>
  <testcase classname="test_suite.Org_Details_Test" name="invitation_code" time="0.293"/>
  <system-out/>
  <testcase classname="test_suite.Org_Details_Test" name="subit_in_code" time="0.130"/>
  <system-out/>
  <testcase classname="test_suite.Org_Details_Test" name="org_details" time="3.243"/>
  <system-out/>
</testsuite> <!-- test_suite.Org_Details_Test -->
