<?xml version="1.0" encoding="UTF-8"?>
<!-- Generated by org.testng.reporters.JUnitReportReporter -->
<testsuite hostname="pruthviraj" failures="0" tests="2" name="test_suite.Documents_Test" time="84.471" errors="0" timestamp="2022-04-20T11:32:01 IST" skipped="0">
  <testcase classname="test_suite.Documents_Test" name="log_in_seller" time="3.526"/>
  <system-out/>
  <testcase classname="test_suite.Documents_Test" name="doc_validate1" time="80.945"/>
  <system-out/>
</testsuite> <!-- test_suite.Documents_Test -->
