<?xml version="1.0" encoding="UTF-8"?>
<!-- Generated by org.testng.reporters.JUnitReportReporter -->
<testsuite hostname="pruthviraj" failures="0" tests="1" name="test_suite.Login_page_Test" time="6.476" errors="0" timestamp="2022-02-22T16:30:10 IST" skipped="0">
  <testcase classname="test_suite.Login_page_Test" name="log_in_seller" time="6.476"/>
  <system-out/>
</testsuite> <!-- test_suite.Login_page_Test -->
