<?xml version="1.0" encoding="UTF-8"?>
<!-- Generated by org.testng.reporters.JUnitReportReporter -->
<testsuite hostname="pruthviraj" failures="0" tests="5" name="Test_suite.landingTest" time="0.526" errors="0" timestamp="2022-01-27T21:35:35 IST" skipped="0">
  <testcase classname="Test_suite.landingTest" name="title_validation" time="0.021"/>
  <system-out/>
  <testcase classname="Test_suite.landingTest" name="logo_validation" time="0.070"/>
  <system-out/>
  <testcase classname="Test_suite.landingTest" name="terms_conditions" time="0.174"/>
  <system-out/>
  <testcase classname="Test_suite.landingTest" name="validate_t_c" time="0.065"/>
  <system-out/>
  <testcase classname="Test_suite.landingTest" name="enter_code" time="0.196"/>
  <system-out/>
</testsuite> <!-- Test_suite.landingTest -->
