<?xml version="1.0" encoding="UTF-8"?>
<!-- Generated by org.testng.reporters.JUnitReportReporter -->
<testsuite hostname="pruthviraj" failures="0" tests="5" name="Test_suite.trigger_Test" time="0.492" errors="0" timestamp="2022-01-27T21:39:54 IST" skipped="0">
  <testcase classname="Test_suite.trigger_Test" name="title_validation" time="0.021"/>
  <system-out/>
  <testcase classname="Test_suite.trigger_Test" name="logo_validation" time="0.100"/>
  <system-out/>
  <testcase classname="Test_suite.trigger_Test" name="terms_conditions" time="0.176"/>
  <system-out/>
  <testcase classname="Test_suite.trigger_Test" name="validate_t_c" time="0.052"/>
  <system-out/>
  <testcase classname="Test_suite.trigger_Test" name="enter_code" time="0.143"/>
  <system-out/>
</testsuite> <!-- Test_suite.trigger_Test -->
