<?xml version="1.0" encoding="UTF-8"?>
<!-- Generated by org.testng.reporters.JUnitReportReporter -->
<testsuite hostname="pruthviraj" failures="0" tests="13" name="test_suite.Business_pan_Test" time="25.495" errors="0" timestamp="2022-02-24T11:11:37 IST" skipped="0">
  <testcase classname="test_suite.Business_pan_Test" name="title_validation" time="0.023"/>
  <system-out/>
  <testcase classname="test_suite.Business_pan_Test" name="logo_validation" time="0.099"/>
  <system-out/>
  <testcase classname="test_suite.Business_pan_Test" name="t_c_validation" time="0.129"/>
  <system-out/>
  <testcase classname="test_suite.Business_pan_Test" name="term_checkbox" time="0.087"/>
  <system-out/>
  <testcase classname="test_suite.Business_pan_Test" name="review_confirm" time="0.139"/>
  <system-out/>
  <testcase classname="test_suite.Business_pan_Test" name="invitation_code" time="0.186"/>
  <system-out/>
  <testcase classname="test_suite.Business_pan_Test" name="subit_in_code" time="0.085"/>
  <system-out/>
  <testcase classname="test_suite.Business_pan_Test" name="org_details" time="1.061"/>
  <system-out/>
  <testcase classname="test_suite.Business_pan_Test" name="per_pan_validation" time="2.629"/>
  <system-out/>
  <testcase classname="test_suite.Business_pan_Test" name="mobile_verfy" time="3.836"/>
  <system-out/>
  <testcase classname="test_suite.Business_pan_Test" name="email_vrf" time="9.436"/>
  <system-out/>
  <testcase classname="test_suite.Business_pan_Test" name="seller_cred" time="1.164"/>
  <system-out/>
  <testcase classname="test_suite.Business_pan_Test" name="bus_pan_validation" time="6.621"/>
  <system-out/>
</testsuite> <!-- test_suite.Business_pan_Test -->
