<?xml version="1.0" encoding="UTF-8"?>
<!-- Generated by org.testng.reporters.JUnitReportReporter -->
<testsuite hostname="pruthviraj" failures="0" tests="11" name="test_suite.Email_id_Test" time="17.698" errors="0" timestamp="2022-02-22T18:35:14 IST" skipped="0">
  <testcase classname="test_suite.Email_id_Test" name="title_validation" time="0.012"/>
  <system-out/>
  <testcase classname="test_suite.Email_id_Test" name="logo_validation" time="0.046"/>
  <system-out/>
  <testcase classname="test_suite.Email_id_Test" name="t_c_validation" time="0.132"/>
  <system-out/>
  <testcase classname="test_suite.Email_id_Test" name="term_checkbox" time="0.110"/>
  <system-out/>
  <testcase classname="test_suite.Email_id_Test" name="review_confirm" time="0.091"/>
  <system-out/>
  <testcase classname="test_suite.Email_id_Test" name="invitation_code" time="0.278"/>
  <system-out/>
  <testcase classname="test_suite.Email_id_Test" name="subit_in_code" time="0.125"/>
  <system-out/>
  <testcase classname="test_suite.Email_id_Test" name="org_details" time="0.955"/>
  <system-out/>
  <testcase classname="test_suite.Email_id_Test" name="per_pan_validation" time="2.695"/>
  <system-out/>
  <testcase classname="test_suite.Email_id_Test" name="mobile_verfy" time="3.844"/>
  <system-out/>
  <testcase classname="test_suite.Email_id_Test" name="email_vrf" time="9.410"/>
  <system-out/>
</testsuite> <!-- test_suite.Email_id_Test -->
