<?xml version="1.0" encoding="UTF-8"?>
<!-- Generated by org.testng.reporters.JUnitReportReporter -->
<testsuite hostname="pruthviraj" failures="0" tests="10" name="test_suite.Mobile_num_Test" time="8.129" errors="0" timestamp="2022-02-22T18:35:14 IST" skipped="0">
  <testcase classname="test_suite.Mobile_num_Test" name="title_validation" time="0.029"/>
  <system-out/>
  <testcase classname="test_suite.Mobile_num_Test" name="logo_validation" time="0.034"/>
  <system-out/>
  <testcase classname="test_suite.Mobile_num_Test" name="t_c_validation" time="0.081"/>
  <system-out/>
  <testcase classname="test_suite.Mobile_num_Test" name="term_checkbox" time="0.060"/>
  <system-out/>
  <testcase classname="test_suite.Mobile_num_Test" name="review_confirm" time="0.078"/>
  <system-out/>
  <testcase classname="test_suite.Mobile_num_Test" name="invitation_code" time="0.310"/>
  <system-out/>
  <testcase classname="test_suite.Mobile_num_Test" name="subit_in_code" time="0.114"/>
  <system-out/>
  <testcase classname="test_suite.Mobile_num_Test" name="org_details" time="1.025"/>
  <system-out/>
  <testcase classname="test_suite.Mobile_num_Test" name="per_pan_validation" time="2.551"/>
  <system-out/>
  <testcase classname="test_suite.Mobile_num_Test" name="mobile_verfy" time="3.847"/>
  <system-out/>
</testsuite> <!-- test_suite.Mobile_num_Test -->
