<?xml version="1.0" encoding="UTF-8"?>
<!-- Generated by org.testng.reporters.JUnitReportReporter -->
<testsuite hostname="pruthviraj" failures="0" tests="1" name="Test_suite.TriggerTest" time="0.020" errors="0" timestamp="2022-02-09T19:20:18 IST" skipped="0">
  <testcase classname="Test_suite.TriggerTest" name="title_validation" time="0.020"/>
  <system-out/>
</testsuite> <!-- Test_suite.TriggerTest -->
