<?xml version="1.0" encoding="UTF-8"?>
<!-- Generated by org.testng.reporters.JUnitReportReporter -->
<testsuite hostname="pruthviraj" failures="0" tests="4" name="test_suite.Terms_condition_Test" time="2.478" errors="0" timestamp="2022-02-22T18:35:14 IST" skipped="0">
  <testcase classname="test_suite.Terms_condition_Test" name="title_validation" time="0.029"/>
  <system-out/>
  <testcase classname="test_suite.Terms_condition_Test" name="logo_validation" time="0.045"/>
  <system-out/>
  <testcase classname="test_suite.Terms_condition_Test" name="t_c_validation" time="2.378"/>
  <system-out/>
  <testcase classname="test_suite.Terms_condition_Test" name="term_checkbox" time="0.026"/>
  <system-out/>
</testsuite> <!-- test_suite.Terms_condition_Test -->
