<?xml version="1.0" encoding="UTF-8"?>
<!-- Generated by org.testng.reporters.JUnitReportReporter -->
<testsuite hostname="pruthviraj" failures="0" tests="9" name="test_suite.Personal_pan_Test" time="4.388" errors="0" timestamp="2022-02-22T18:35:14 IST" skipped="0">
  <testcase classname="test_suite.Personal_pan_Test" name="title_validation" time="0.009"/>
  <system-out/>
  <testcase classname="test_suite.Personal_pan_Test" name="logo_validation" time="0.043"/>
  <system-out/>
  <testcase classname="test_suite.Personal_pan_Test" name="t_c_validation" time="0.153"/>
  <system-out/>
  <testcase classname="test_suite.Personal_pan_Test" name="term_checkbox" time="0.085"/>
  <system-out/>
  <testcase classname="test_suite.Personal_pan_Test" name="review_confirm" time="0.094"/>
  <system-out/>
  <testcase classname="test_suite.Personal_pan_Test" name="invitation_code" time="0.290"/>
  <system-out/>
  <testcase classname="test_suite.Personal_pan_Test" name="subit_in_code" time="0.150"/>
  <system-out/>
  <testcase classname="test_suite.Personal_pan_Test" name="org_details" time="1.056"/>
  <system-out/>
  <testcase classname="test_suite.Personal_pan_Test" name="per_pan_validation" time="2.508"/>
  <system-out/>
</testsuite> <!-- test_suite.Personal_pan_Test -->
