<?xml version="1.0" encoding="UTF-8"?>
<!-- Generated by org.testng.reporters.JUnitReportReporter -->
<testsuite hostname="pruthviraj" failures="0" tests="12" name="test_suite.User_credentail_Test" time="21.285" errors="0" timestamp="2022-02-22T18:35:14 IST" skipped="0">
  <testcase classname="test_suite.User_credentail_Test" name="title_validation" time="0.009"/>
  <system-out/>
  <testcase classname="test_suite.User_credentail_Test" name="logo_validation" time="0.061"/>
  <system-out/>
  <testcase classname="test_suite.User_credentail_Test" name="t_c_validation" time="0.092"/>
  <system-out/>
  <testcase classname="test_suite.User_credentail_Test" name="term_checkbox" time="0.064"/>
  <system-out/>
  <testcase classname="test_suite.User_credentail_Test" name="review_confirm" time="0.113"/>
  <system-out/>
  <testcase classname="test_suite.User_credentail_Test" name="invitation_code" time="0.302"/>
  <system-out/>
  <testcase classname="test_suite.User_credentail_Test" name="subit_in_code" time="0.129"/>
  <system-out/>
  <testcase classname="test_suite.User_credentail_Test" name="org_details" time="1.099"/>
  <system-out/>
  <testcase classname="test_suite.User_credentail_Test" name="per_pan_validation" time="2.577"/>
  <system-out/>
  <testcase classname="test_suite.User_credentail_Test" name="mobile_verfy" time="3.894"/>
  <system-out/>
  <testcase classname="test_suite.User_credentail_Test" name="email_vrf" time="9.493"/>
  <system-out/>
  <testcase classname="test_suite.User_credentail_Test" name="seller_cred" time="3.452"/>
  <system-out/>
</testsuite> <!-- test_suite.User_credentail_Test -->
