<?xml version="1.0" encoding="UTF-8"?>
<!-- Generated by org.testng.reporters.JUnitReportReporter -->
<testsuite hostname="pruthviraj" failures="0" tests="3" name="Test_suite.Landing_Page_Test" time="0.285" errors="0" timestamp="2022-02-09T19:31:05 IST" skipped="0">
  <testcase classname="Test_suite.Landing_Page_Test" name="title_validation" time="0.026"/>
  <system-out/>
  <testcase classname="Test_suite.Landing_Page_Test" name="logo_validation" time="0.102"/>
  <system-out/>
  <testcase classname="Test_suite.Landing_Page_Test" name="terms_conditions" time="0.157"/>
  <system-out/>
</testsuite> <!-- Test_suite.Landing_Page_Test -->
