<?xml version="1.0" encoding="UTF-8"?>
<!-- Generated by org.testng.reporters.JUnitReportReporter -->
<testsuite hostname="pruthviraj" failures="0" tests="8" name="test_suite.Org_details_Test" time="4.141" errors="0" timestamp="2022-02-22T18:35:14 IST" skipped="0">
  <testcase classname="test_suite.Org_details_Test" name="title_validation" time="0.014"/>
  <system-out/>
  <testcase classname="test_suite.Org_details_Test" name="logo_validation" time="0.087"/>
  <system-out/>
  <testcase classname="test_suite.Org_details_Test" name="t_c_validation" time="0.132"/>
  <system-out/>
  <testcase classname="test_suite.Org_details_Test" name="term_checkbox" time="0.091"/>
  <system-out/>
  <testcase classname="test_suite.Org_details_Test" name="review_confirm" time="0.074"/>
  <system-out/>
  <testcase classname="test_suite.Org_details_Test" name="invitation_code" time="0.319"/>
  <system-out/>
  <testcase classname="test_suite.Org_details_Test" name="subit_in_code" time="0.110"/>
  <system-out/>
  <testcase classname="test_suite.Org_details_Test" name="org_details" time="3.314"/>
  <system-out/>
</testsuite> <!-- test_suite.Org_details_Test -->
