<?xml version="1.0" encoding="UTF-8"?>
<!-- Generated by org.testng.reporters.JUnitReportReporter -->
<testsuite hostname="pruthviraj" failures="0" tests="7" name="test_suite.Invitation_Code_Test" time="2.988" errors="0" timestamp="2022-02-22T18:35:14 IST" skipped="0">
  <testcase classname="test_suite.Invitation_Code_Test" name="title_validation" time="0.012"/>
  <system-out/>
  <testcase classname="test_suite.Invitation_Code_Test" name="logo_validation" time="0.047"/>
  <system-out/>
  <testcase classname="test_suite.Invitation_Code_Test" name="t_c_validation" time="0.141"/>
  <system-out/>
  <testcase classname="test_suite.Invitation_Code_Test" name="term_checkbox" time="0.070"/>
  <system-out/>
  <testcase classname="test_suite.Invitation_Code_Test" name="review_confirm" time="0.121"/>
  <system-out/>
  <testcase classname="test_suite.Invitation_Code_Test" name="invitation_code" time="2.512"/>
  <system-out/>
  <testcase classname="test_suite.Invitation_Code_Test" name="subit_in_code" time="0.085"/>
  <system-out/>
</testsuite> <!-- test_suite.Invitation_Code_Test -->
