<?xml version="1.0" encoding="UTF-8"?>
<!-- Generated by org.testng.reporters.JUnitReportReporter -->
<testsuite hostname="pruthviraj" failures="0" tests="1" name="test_suite.Admin_Login_Test" time="11.977" errors="0" timestamp="2022-04-19T18:39:25 IST" skipped="0">
  <testcase classname="test_suite.Admin_Login_Test" name="admin_login" time="11.977"/>
  <system-out/>
</testsuite> <!-- test_suite.Admin_Login_Test -->
