<?xml version="1.0" encoding="UTF-8"?>
<!-- Generated by org.testng.reporters.JUnitReportReporter -->
<testsuite hostname="pruthviraj" failures="0" tests="1" name="test_suite.Business_details_Test" time="22.970" errors="0" timestamp="2022-04-19T18:39:25 IST" skipped="0">
  <testcase classname="test_suite.Business_details_Test" name="business_info" time="22.970"/>
  <system-out/>
</testsuite> <!-- test_suite.Business_details_Test -->
