<?xml version="1.0" encoding="UTF-8"?>
<!-- Generated by org.testng.reporters.JUnitReportReporter -->
<testsuite hostname="pruthviraj" failures="0" tests="1" name="test_suite.Doc_upload_Test" time="20.841" errors="0" timestamp="2022-04-19T18:39:25 IST" skipped="0">
  <testcase classname="test_suite.Doc_upload_Test" name="doc_upload" time="20.841"/>
  <system-out/>
</testsuite> <!-- test_suite.Doc_upload_Test -->
