<?xml version="1.0" encoding="UTF-8"?>
<!-- Generated by org.testng.reporters.JUnitReportReporter -->
<testsuite hostname="pruthviraj" failures="0" tests="1" name="test_suite.Login_Page_Test" time="7.287" errors="0" timestamp="2022-03-24T14:35:13 IST" skipped="0">
  <testcase classname="test_suite.Login_Page_Test" name="log_in_seller" time="7.287"/>
  <system-out/>
</testsuite> <!-- test_suite.Login_Page_Test -->
