<?xml version="1.0" encoding="UTF-8"?>
<!-- Generated by org.testng.reporters.JUnitReportReporter -->
<testsuite hostname="pruthviraj" failures="0" tests="1" name="test_suite.Landing_RFC_Test" time="5.691" errors="0" timestamp="2022-04-19T18:39:25 IST" skipped="0">
  <testcase classname="test_suite.Landing_RFC_Test" name="log_in_seller" time="5.691"/>
  <system-out/>
</testsuite> <!-- test_suite.Landing_RFC_Test -->
