<?xml version="1.0" encoding="UTF-8"?>
<!-- Generated by org.testng.reporters.JUnitReportReporter -->
<testsuite hostname="pruthviraj" failures="0" tests="1" name="test_suite.State_Selection_Test" time="2.596" errors="0" timestamp="2022-04-19T18:39:25 IST" skipped="0">
  <testcase classname="test_suite.State_Selection_Test" name="state_select" time="2.596"/>
  <system-out/>
</testsuite> <!-- test_suite.State_Selection_Test -->
