<?xml version="1.0" encoding="UTF-8"?>
<!-- Generated by org.testng.reporters.JUnitReportReporter -->
<testsuite hostname="pruthviraj" failures="0" tests="1" name="test_suite.APOB_Test" time="5.477" errors="0" timestamp="2022-04-19T18:39:25 IST" skipped="0">
  <testcase classname="test_suite.APOB_Test" name="APOB_validate" time="5.477"/>
  <system-out/>
</testsuite> <!-- test_suite.APOB_Test -->
